<?xml version="1.0" encoding="UTF-8"?>
<!-- Generated by org.testng.reporters.JUnitReportReporter -->
<testsuite hostname="swami-rog" failures="0" tests="1" name="myOrg.Tarvels.AppTest1" time="13.199" errors="0" timestamp="2020-06-14T15:13:09 CEST" skipped="0">
  <testcase classname="myOrg.Tarvels.AppTest1" name="login" time="13.199"/>
  <system-out/>
</testsuite> <!-- myOrg.Tarvels.AppTest1 -->
