<?xml version="1.0" encoding="UTF-8"?>
<!-- Generated by org.testng.reporters.JUnitReportReporter -->
<testsuite hostname="swami-rog" failures="0" tests="1" name="Default.HelloWorld" time="0.002" errors="0" timestamp="2020-06-09T20:22:52 CEST" skipped="0">
  <testcase classname="Default.HelloWorld" name="Demo1" time="0.002"/>
  <system-out/>
</testsuite> <!-- Default.HelloWorld -->
