<?xml version="1.0" encoding="UTF-8"?>
<!-- Generated by org.testng.reporters.JUnitReportReporter -->
<testsuite hostname="swami-rog" failures="0" tests="1" name="HelloWorld" time="0.007" errors="0" timestamp="2020-06-08T19:18:39 CEST" skipped="0">
  <testcase classname="HelloWorld" name="Demo" time="0.007"/>
  <system-out/>
</testsuite> <!-- HelloWorld -->
