<?xml version="1.0" encoding="UTF-8"?>
<!-- Generated by org.testng.reporters.JUnitReportReporter -->
<testsuite hostname="swami-rog" failures="0" tests="1" name="myOrg.ExtentReports.AppTest" time="2.499" errors="0" timestamp="2020-06-11T16:49:43 CEST" skipped="0">
  <testcase classname="myOrg.ExtentReports.AppTest" name="shouldAnswerWithTrue" time="2.499"/>
  <system-out/>
</testsuite> <!-- myOrg.ExtentReports.AppTest -->
