<?xml version="1.0" encoding="UTF-8"?>
<!-- Generated by org.testng.reporters.JUnitReportReporter -->
<testsuite hostname="swami-rog" failures="0" tests="1" name="myOrg.PageObjectPattern.AppTest" time="6.516" errors="0" timestamp="2020-06-16T19:28:42 CEST" skipped="0">
  <testcase classname="myOrg.PageObjectPattern.AppTest" name="SignUp" time="6.516"/>
  <system-out/>
</testsuite> <!-- myOrg.PageObjectPattern.AppTest -->
