<?xml version="1.0" encoding="UTF-8"?>
<!-- Generated by org.testng.reporters.JUnitReportReporter -->
<testsuite hostname="swami-rog" failures="0" tests="2" name="MyOrg.Selenium.AppTest" time="0.002" errors="0" timestamp="2020-06-11T18:50:36 CEST" skipped="0">
  <testcase classname="MyOrg.Selenium.AppTest" name="shouldAnswerWithTrue" time="0.000"/>
  <system-out/>
  <testcase classname="MyOrg.Selenium.AppTest" name="shouldAnswerWithFalse" time="0.002"/>
  <system-out/>
</testsuite> <!-- MyOrg.Selenium.AppTest -->
